02/10/23:04:21:04;- user нажал цифру ; 1
02/10/23:05:21:05; added_new_note; ['Дата', 'Список дел', '45566768', 'Уборка и готовка']
02/10/23:05:21:05;- user нажал цифру ; 5
02/10/23:05:21:05;- user нажал цифру ; 3
02/10/23:06:21:06;- user нажал цифру ; 2
02/10/23:07:21:07;- user нажал цифру ; 2
02/10/23:08:21:08;- user нажал цифру ; 1
02/10/23:08:21:08; added_new_note; ['Февраль', 'Новый список', '455676', 'Вышивание']
02/10/23:10:21:10;- user нажал цифру ; 2
02/10/23:10:21:10;- user нажал цифру ; 1
02/10/23:11:21:11; added_new_note; ['Февраль', 'Новый спис', '34657', 'Вышивание']
02/10/23:12:21:12;- user нажал цифру ; 2
02/10/23:12:21:12;- user нажал цифру ; 1
02/10/23:13:21:13; added_new_note; ['Февр', 'Новый спис', '43689', 'Вышивание']
02/10/23:13:21:13;- user нажал цифру ; 3
02/10/23:13:21:13;- user нажал цифру ; 3
02/10/23:14:21:14;- user нажал цифру ; 2
02/10/23:15:21:15;- user нажал цифру ; 3
02/10/23:15:21:15;- user нажал цифру ; 2
02/10/23:15:21:15;- user нажал цифру ; 1
02/10/23:16:21:16; added_new_note; ['Фева', 'Ннн спи', '43567889', 'Не знаю']
02/10/23:16:21:16;- user нажал цифру ; 3
02/10/23:16:21:16;- user нажал цифру ; 3
02/10/23:16:21:16;- user нажал цифру ; 1
02/10/23:17:21:17; added_new_note; ['Март', 'Работа', '456768', 'Контракт, письма']
02/10/23:17:21:17;- user нажал цифру ; 5
02/10/23:17:21:17;- user нажал цифру ; 3
02/10/23:17:21:17;- user нажал цифру ; 2
02/10/23:17:21:17;- user нажал цифру ; 3
02/10/23:17:21:17;- user нажал цифру ; 2
02/10/23:18:21:18;- user нажал цифру ; 3
02/10/23:18:21:18;- user нажал цифру ; 2
02/10/23:18:21:18;- user нажал цифру ; 3
02/10/23:18:21:18;- user нажал цифру ; 2
02/10/23:19:21:19;- user нажал цифру ; 1
02/10/23:20:21:20; added_new_note; ['Апр', 'Работа', '4556786', 'Прлшдщж']
02/10/23:20:21:20;- user нажал цифру ; 3
02/10/23:20:21:20;- user нажал цифру ; 3
02/10/23:20:21:20;- user нажал цифру ; 2
02/10/23:20:21:20;- user нажал цифру ; 2
02/10/23:28:21:28;- user нажал цифру ; 3
02/10/23:29:21:29;- user нажал цифру ; 2
02/10/23:29:21:29;- user нажал цифру ; 2
02/10/23:30:21:30;- user нажал цифру ; 2
02/10/23:30:21:30;- user нажал цифру ; 2
02/10/23:46:21:46;- user нажал цифру ; 2
02/10/23:46:21:46;- user нажал цифру ; 3
02/10/23:47:21:47;- user нажал цифру ; 3
02/10/23:47:21:47;- user нажал цифру ; 2
02/10/23:47:21:47;- user нажал цифру ; 2
02/10/23:49:21:49;- user нажал цифру ; 2
02/10/23:49:21:49;- user нажал цифру ; 3
02/10/23:50:21:50;- user нажал цифру ; 1
02/10/23:50:21:50; added_new_note; ['Фе', 'Ра', '436576', 'Рара']
02/10/23:50:21:50;- user нажал цифру ; 1
02/10/23:51:21:51; added_new_note; ['Апр', 'Вава', '78464', 'Вававава']
02/10/23:51:21:51;- user нажал цифру ; 3
02/10/23:51:21:51;- user нажал цифру ; 2
02/10/23:52:21:52;- user нажал цифру ; 2
02/10/23:15:22:15;- user нажал цифру ; 3
02/10/23:15:22:15;- user нажал цифру ; 1
02/10/23:20:22:20; added_new_note; ['Gjjk', 'Yuyuk', '45477', 'Jkghj']
02/10/23:20:22:20;- user нажал цифру ; 3
02/10/23:22:22:22;- user нажал цифру ; 5
02/10/23:24:22:24;- user нажал цифру ; 5
02/10/23:24:22:24;- user нажал цифру ; 1
02/10/23:35:22:35;- user нажал цифру ; 1
02/10/23:35:22:35; added_new_note; ['1', '1', 'Dfdf', 'Dfgggggggggg']
02/10/23:35:22:35;- user нажал цифру ; 3
02/10/23:35:22:35;- user нажал цифру ; 1
02/10/23:36:22:36; added_new_note; ['1', '1', 'Dfd', 'Tyui']
02/10/23:36:22:36;- user нажал цифру ; 3
02/10/23:36:22:36;- user нажал цифру ; 5
02/10/23:36:22:36;- user нажал цифру ; 2
02/10/23:38:22:38;- user нажал цифру ; 2
02/10/23:38:22:38;- user нажал цифру ; 2
02/10/23:39:22:39;- user нажал цифру ; 3
02/10/23:39:22:39;- user нажал цифру ; 3
02/10/23:44:22:44;- user нажал цифру ; 5
02/10/23:44:22:44;- user нажал цифру ; 1
02/10/23:44:22:44; added_new_note; ['3', '3', 'Кккк :', 'Ооооооооо ;']
02/10/23:44:22:44;- user нажал цифру ; 3
02/10/23:44:22:44;- user нажал цифру ; 2
02/10/23:49:22:49;- user нажал цифру ; 5
02/10/23:49:22:49;- user нажал цифру ; 5
02/10/23:49:22:49;- user нажал цифру ; 1
02/10/23:50:22:50; added_new_note; ['1', '1', 'Рен :', 'Нгап ;']
02/10/23:50:22:50;- user нажал цифру ; 3
02/10/23:57:22:57;- user нажал цифру ; 5
02/10/23:57:22:57;- user нажал цифру ; 1
02/10/23:57:22:57; added_new_note; [False, False, 'Авп :', 'Рорл ;']
02/10/23:59:22:59;- user нажал цифру ; 5
02/10/23:00:23:00;- user нажал цифру ; 1
02/10/23:00:23:00; added_new_note; ['5', '5', 'Fg :', 'Gh ;']
02/10/23:00:23:00;- user нажал цифру ; 3
02/10/23:00:23:00;- user нажал цифру ; 4
02/10/23:02:23:02;- user нажал цифру ; 1
02/10/23:02:23:02; added_new_note; ['6', '6', ' :', ' ;']
02/10/23:02:23:02;- user нажал цифру ; 3
02/10/23:03:23:03;- user нажал цифру ; 5
02/10/23:03:23:03;- user нажал цифру ; 1
02/10/23:03:23:03; added_new_note; ['4', '4', ' :', ' ;']
02/10/23:03:23:03;- user нажал цифру ; 3
